{"C:\\Users\\ionly\\OneDrive - Escuela Politécnica Nacional\\septimo semestre\\VERIFICACIÓN Y VALIDACIÓN DE SOFTWARE\\hospital-management\\frontend\\js\\api.js": {"path":"C:\\Users\\ionly\\OneDrive - Escuela Politécnica Nacional\\septimo semestre\\VERIFICACIÓN Y VALIDACIÓN DE SOFTWARE\\hospital-management\\frontend\\js\\api.js","statementMap":{"0":{"start":{"line":11,"column":17},"end":{"line":11,"column":44}},"1":{"start":{"line":20,"column":16},"end":{"line":20,"column":40}},"2":{"start":{"line":22,"column":19},"end":{"line":29,"column":5}},"3":{"start":{"line":32,"column":21},"end":{"line":32,"column":45}},"4":{"start":{"line":36,"column":17},"end":{"line":36,"column":38}},"5":{"start":{"line":39,"column":4},"end":{"line":39,"column":16}},"6":{"start":{"line":44,"column":21},"end":{"line":68,"column":1}},"7":{"start":{"line":45,"column":18},"end":{"line":45,"column":40}},"8":{"start":{"line":47,"column":20},"end":{"line":47,"column":48}},"9":{"start":{"line":49,"column":25},"end":{"line":52,"column":6}},"10":{"start":{"line":54,"column":34},"end":{"line":57,"column":6}},"11":{"start":{"line":59,"column":22},"end":{"line":61,"column":6}},"12":{"start":{"line":64,"column":33},"end":{"line":64,"column":99}},"13":{"start":{"line":67,"column":24},"end":{"line":67,"column":73}},"14":{"start":{"line":72,"column":20},"end":{"line":98,"column":1}},"15":{"start":{"line":73,"column":18},"end":{"line":73,"column":39}},"16":{"start":{"line":75,"column":20},"end":{"line":75,"column":47}},"17":{"start":{"line":77,"column":23},"end":{"line":80,"column":6}},"18":{"start":{"line":82,"column":32},"end":{"line":85,"column":6}},"19":{"start":{"line":87,"column":22},"end":{"line":89,"column":6}},"20":{"start":{"line":93,"column":8},"end":{"line":93,"column":87}},"21":{"start":{"line":97,"column":8},"end":{"line":97,"column":121}},"22":{"start":{"line":102,"column":17},"end":{"line":130,"column":1}},"23":{"start":{"line":103,"column":18},"end":{"line":103,"column":36}},"24":{"start":{"line":105,"column":20},"end":{"line":105,"column":44}},"25":{"start":{"line":107,"column":21},"end":{"line":110,"column":6}},"26":{"start":{"line":112,"column":30},"end":{"line":115,"column":6}},"27":{"start":{"line":117,"column":22},"end":{"line":119,"column":6}},"28":{"start":{"line":121,"column":33},"end":{"line":121,"column":74}},"29":{"start":{"line":123,"column":29},"end":{"line":123,"column":66}},"30":{"start":{"line":125,"column":27},"end":{"line":125,"column":62}},"31":{"start":{"line":129,"column":8},"end":{"line":129,"column":67}},"32":{"start":{"line":134,"column":21},"end":{"line":147,"column":1}},"33":{"start":{"line":135,"column":18},"end":{"line":135,"column":49}},"34":{"start":{"line":137,"column":20},"end":{"line":137,"column":57}},"35":{"start":{"line":139,"column":25},"end":{"line":142,"column":6}},"36":{"start":{"line":144,"column":33},"end":{"line":144,"column":87}},"37":{"start":{"line":146,"column":29},"end":{"line":146,"column":79}},"38":{"start":{"line":149,"column":0},"end":{"line":157,"column":1}},"39":{"start":{"line":150,"column":4},"end":{"line":156,"column":6}}},"fnMap":{"0":{"name":"apiFetch","decl":{"start":{"line":19,"column":15},"end":{"line":19,"column":23}},"loc":{"start":{"line":19,"column":48},"end":{"line":40,"column":1}},"line":19},"1":{"name":"(anonymous_1)","decl":{"start":{"line":45,"column":12},"end":{"line":45,"column":13}},"loc":{"start":{"line":45,"column":18},"end":{"line":45,"column":40}},"line":45},"2":{"name":"(anonymous_2)","decl":{"start":{"line":47,"column":12},"end":{"line":47,"column":13}},"loc":{"start":{"line":47,"column":20},"end":{"line":47,"column":48}},"line":47},"3":{"name":"(anonymous_3)","decl":{"start":{"line":49,"column":11},"end":{"line":49,"column":12}},"loc":{"start":{"line":49,"column":25},"end":{"line":52,"column":6}},"line":49},"4":{"name":"(anonymous_4)","decl":{"start":{"line":54,"column":16},"end":{"line":54,"column":17}},"loc":{"start":{"line":54,"column":34},"end":{"line":57,"column":6}},"line":54},"5":{"name":"(anonymous_5)","decl":{"start":{"line":59,"column":14},"end":{"line":59,"column":15}},"loc":{"start":{"line":59,"column":22},"end":{"line":61,"column":6}},"line":59},"6":{"name":"(anonymous_6)","decl":{"start":{"line":64,"column":21},"end":{"line":64,"column":22}},"loc":{"start":{"line":64,"column":33},"end":{"line":64,"column":99}},"line":64},"7":{"name":"(anonymous_7)","decl":{"start":{"line":67,"column":18},"end":{"line":67,"column":19}},"loc":{"start":{"line":67,"column":24},"end":{"line":67,"column":73}},"line":67},"8":{"name":"(anonymous_8)","decl":{"start":{"line":73,"column":12},"end":{"line":73,"column":13}},"loc":{"start":{"line":73,"column":18},"end":{"line":73,"column":39}},"line":73},"9":{"name":"(anonymous_9)","decl":{"start":{"line":75,"column":12},"end":{"line":75,"column":13}},"loc":{"start":{"line":75,"column":20},"end":{"line":75,"column":47}},"line":75},"10":{"name":"(anonymous_10)","decl":{"start":{"line":77,"column":11},"end":{"line":77,"column":12}},"loc":{"start":{"line":77,"column":23},"end":{"line":80,"column":6}},"line":77},"11":{"name":"(anonymous_11)","decl":{"start":{"line":82,"column":16},"end":{"line":82,"column":17}},"loc":{"start":{"line":82,"column":32},"end":{"line":85,"column":6}},"line":82},"12":{"name":"(anonymous_12)","decl":{"start":{"line":87,"column":14},"end":{"line":87,"column":15}},"loc":{"start":{"line":87,"column":22},"end":{"line":89,"column":6}},"line":87},"13":{"name":"(anonymous_13)","decl":{"start":{"line":92,"column":27},"end":{"line":92,"column":28}},"loc":{"start":{"line":93,"column":8},"end":{"line":93,"column":87}},"line":93},"14":{"name":"(anonymous_14)","decl":{"start":{"line":96,"column":21},"end":{"line":96,"column":22}},"loc":{"start":{"line":97,"column":8},"end":{"line":97,"column":121}},"line":97},"15":{"name":"(anonymous_15)","decl":{"start":{"line":103,"column":12},"end":{"line":103,"column":13}},"loc":{"start":{"line":103,"column":18},"end":{"line":103,"column":36}},"line":103},"16":{"name":"(anonymous_16)","decl":{"start":{"line":105,"column":12},"end":{"line":105,"column":13}},"loc":{"start":{"line":105,"column":20},"end":{"line":105,"column":44}},"line":105},"17":{"name":"(anonymous_17)","decl":{"start":{"line":107,"column":11},"end":{"line":107,"column":12}},"loc":{"start":{"line":107,"column":21},"end":{"line":110,"column":6}},"line":107},"18":{"name":"(anonymous_18)","decl":{"start":{"line":112,"column":16},"end":{"line":112,"column":17}},"loc":{"start":{"line":112,"column":30},"end":{"line":115,"column":6}},"line":112},"19":{"name":"(anonymous_19)","decl":{"start":{"line":117,"column":14},"end":{"line":117,"column":15}},"loc":{"start":{"line":117,"column":22},"end":{"line":119,"column":6}},"line":117},"20":{"name":"(anonymous_20)","decl":{"start":{"line":121,"column":17},"end":{"line":121,"column":18}},"loc":{"start":{"line":121,"column":33},"end":{"line":121,"column":74}},"line":121},"21":{"name":"(anonymous_21)","decl":{"start":{"line":123,"column":15},"end":{"line":123,"column":16}},"loc":{"start":{"line":123,"column":29},"end":{"line":123,"column":66}},"line":123},"22":{"name":"(anonymous_22)","decl":{"start":{"line":125,"column":15},"end":{"line":125,"column":16}},"loc":{"start":{"line":125,"column":27},"end":{"line":125,"column":62}},"line":125},"23":{"name":"(anonymous_23)","decl":{"start":{"line":128,"column":20},"end":{"line":128,"column":21}},"loc":{"start":{"line":129,"column":8},"end":{"line":129,"column":67}},"line":129},"24":{"name":"(anonymous_24)","decl":{"start":{"line":135,"column":12},"end":{"line":135,"column":13}},"loc":{"start":{"line":135,"column":18},"end":{"line":135,"column":49}},"line":135},"25":{"name":"(anonymous_25)","decl":{"start":{"line":137,"column":12},"end":{"line":137,"column":13}},"loc":{"start":{"line":137,"column":20},"end":{"line":137,"column":57}},"line":137},"26":{"name":"(anonymous_26)","decl":{"start":{"line":139,"column":11},"end":{"line":139,"column":12}},"loc":{"start":{"line":139,"column":25},"end":{"line":142,"column":6}},"line":139},"27":{"name":"(anonymous_27)","decl":{"start":{"line":144,"column":17},"end":{"line":144,"column":18}},"loc":{"start":{"line":144,"column":33},"end":{"line":144,"column":87}},"line":144},"28":{"name":"(anonymous_28)","decl":{"start":{"line":146,"column":15},"end":{"line":146,"column":16}},"loc":{"start":{"line":146,"column":29},"end":{"line":146,"column":79}},"line":146}},"branchMap":{"0":{"loc":{"start":{"line":19,"column":34},"end":{"line":19,"column":46}},"type":"default-arg","locations":[{"start":{"line":19,"column":44},"end":{"line":19,"column":46}}],"line":19},"1":{"loc":{"start":{"line":149,"column":0},"end":{"line":157,"column":1}},"type":"if","locations":[{"start":{"line":149,"column":0},"end":{"line":157,"column":1}},{"start":{},"end":{}}],"line":149},"2":{"loc":{"start":{"line":149,"column":4},"end":{"line":149,"column":51}},"type":"binary-expr","locations":[{"start":{"line":149,"column":4},"end":{"line":149,"column":33}},{"start":{"line":149,"column":37},"end":{"line":149,"column":51}}],"line":149}},"s":{"0":1,"1":33,"2":33,"3":33,"4":32,"5":31,"6":1,"7":1,"8":1,"9":1,"10":1,"11":1,"12":1,"13":1,"14":1,"15":1,"16":1,"17":2,"18":1,"19":1,"20":1,"21":1,"22":1,"23":1,"24":1,"25":1,"26":1,"27":1,"28":1,"29":1,"30":1,"31":1,"32":1,"33":1,"34":1,"35":2,"36":1,"37":1,"38":1,"39":1},"f":{"0":33,"1":1,"2":1,"3":1,"4":1,"5":1,"6":1,"7":1,"8":1,"9":1,"10":2,"11":1,"12":1,"13":1,"14":1,"15":1,"16":1,"17":1,"18":1,"19":1,"20":1,"21":1,"22":1,"23":1,"24":1,"25":1,"26":2,"27":1,"28":1},"b":{"0":[21],"1":[1,0],"2":[1,1]},"_coverageSchema":"1a1c01bbd47fc00a2c39e90264f33305004495a9","hash":"cae182c1f17d43d9e417f56a62c0dbe9c7fc32fd"}
,"C:\\Users\\ionly\\OneDrive - Escuela Politécnica Nacional\\septimo semestre\\VERIFICACIÓN Y VALIDACIÓN DE SOFTWARE\\hospital-management\\frontend\\js\\utils.js": {"path":"C:\\Users\\ionly\\OneDrive - Escuela Politécnica Nacional\\septimo semestre\\VERIFICACIÓN Y VALIDACIÓN DE SOFTWARE\\hospital-management\\frontend\\js\\utils.js","statementMap":{"0":{"start":{"line":17,"column":4},"end":{"line":23,"column":5}},"1":{"start":{"line":18,"column":8},"end":{"line":22,"column":11}},"2":{"start":{"line":27,"column":17},"end":{"line":27,"column":34}},"3":{"start":{"line":28,"column":4},"end":{"line":32,"column":7}},"4":{"start":{"line":41,"column":4},"end":{"line":49,"column":5}},"5":{"start":{"line":42,"column":8},"end":{"line":48,"column":11}},"6":{"start":{"line":52,"column":17},"end":{"line":52,"column":34}},"7":{"start":{"line":53,"column":4},"end":{"line":59,"column":7}},"8":{"start":{"line":68,"column":4},"end":{"line":68,"column":24}},"9":{"start":{"line":68,"column":14},"end":{"line":68,"column":24}},"10":{"start":{"line":71,"column":4},"end":{"line":75,"column":33}},"11":{"start":{"line":85,"column":22},"end":{"line":85,"column":64}},"12":{"start":{"line":86,"column":4},"end":{"line":86,"column":27}},"13":{"start":{"line":86,"column":20},"end":{"line":86,"column":27}},"14":{"start":{"line":89,"column":4},"end":{"line":89,"column":78}},"15":{"start":{"line":92,"column":4},"end":{"line":94,"column":13}},"16":{"start":{"line":93,"column":8},"end":{"line":93,"column":33}},"17":{"start":{"line":103,"column":4},"end":{"line":103,"column":29}},"18":{"start":{"line":103,"column":16},"end":{"line":103,"column":29}},"19":{"start":{"line":106,"column":18},"end":{"line":106,"column":68}},"20":{"start":{"line":107,"column":4},"end":{"line":107,"column":29}},"21":{"start":{"line":118,"column":18},"end":{"line":118,"column":28}},"22":{"start":{"line":119,"column":4},"end":{"line":119,"column":32}},"23":{"start":{"line":128,"column":17},"end":{"line":128,"column":34}},"24":{"start":{"line":129,"column":16},"end":{"line":129,"column":26}},"25":{"start":{"line":132,"column":4},"end":{"line":132,"column":22}},"26":{"start":{"line":143,"column":4},"end":{"line":143,"column":49}},"27":{"start":{"line":146,"column":0},"end":{"line":157,"column":1}},"28":{"start":{"line":147,"column":4},"end":{"line":156,"column":6}}},"fnMap":{"0":{"name":"formatDate","decl":{"start":{"line":16,"column":9},"end":{"line":16,"column":19}},"loc":{"start":{"line":16,"column":29},"end":{"line":33,"column":1}},"line":16},"1":{"name":"formatDateTime","decl":{"start":{"line":40,"column":9},"end":{"line":40,"column":23}},"loc":{"start":{"line":40,"column":33},"end":{"line":60,"column":1}},"line":40},"2":{"name":"escapeHTML","decl":{"start":{"line":67,"column":9},"end":{"line":67,"column":19}},"loc":{"start":{"line":67,"column":25},"end":{"line":77,"column":1}},"line":67},"3":{"name":"showAlert","decl":{"start":{"line":84,"column":9},"end":{"line":84,"column":18}},"loc":{"start":{"line":84,"column":46},"end":{"line":95,"column":1}},"line":84},"4":{"name":"(anonymous_4)","decl":{"start":{"line":92,"column":15},"end":{"line":92,"column":16}},"loc":{"start":{"line":92,"column":21},"end":{"line":94,"column":5}},"line":92},"5":{"name":"validateEmail","decl":{"start":{"line":102,"column":9},"end":{"line":102,"column":22}},"loc":{"start":{"line":102,"column":30},"end":{"line":108,"column":1}},"line":102},"6":{"name":"validateTelefono","decl":{"start":{"line":115,"column":9},"end":{"line":115,"column":25}},"loc":{"start":{"line":115,"column":36},"end":{"line":120,"column":1}},"line":115},"7":{"name":"isFutureDate","decl":{"start":{"line":127,"column":9},"end":{"line":127,"column":21}},"loc":{"start":{"line":127,"column":31},"end":{"line":133,"column":1}},"line":127},"8":{"name":"localToISO","decl":{"start":{"line":140,"column":9},"end":{"line":140,"column":19}},"loc":{"start":{"line":140,"column":35},"end":{"line":144,"column":1}},"line":140}},"branchMap":{"0":{"loc":{"start":{"line":17,"column":4},"end":{"line":23,"column":5}},"type":"if","locations":[{"start":{"line":17,"column":4},"end":{"line":23,"column":5}},{"start":{},"end":{}}],"line":17},"1":{"loc":{"start":{"line":41,"column":4},"end":{"line":49,"column":5}},"type":"if","locations":[{"start":{"line":41,"column":4},"end":{"line":49,"column":5}},{"start":{},"end":{}}],"line":41},"2":{"loc":{"start":{"line":68,"column":4},"end":{"line":68,"column":24}},"type":"if","locations":[{"start":{"line":68,"column":4},"end":{"line":68,"column":24}},{"start":{},"end":{}}],"line":68},"3":{"loc":{"start":{"line":84,"column":28},"end":{"line":84,"column":44}},"type":"default-arg","locations":[{"start":{"line":84,"column":35},"end":{"line":84,"column":44}}],"line":84},"4":{"loc":{"start":{"line":86,"column":4},"end":{"line":86,"column":27}},"type":"if","locations":[{"start":{"line":86,"column":4},"end":{"line":86,"column":27}},{"start":{},"end":{}}],"line":86},"5":{"loc":{"start":{"line":103,"column":4},"end":{"line":103,"column":29}},"type":"if","locations":[{"start":{"line":103,"column":4},"end":{"line":103,"column":29}},{"start":{},"end":{}}],"line":103},"6":{"loc":{"start":{"line":146,"column":0},"end":{"line":157,"column":1}},"type":"if","locations":[{"start":{"line":146,"column":0},"end":{"line":157,"column":1}},{"start":{},"end":{}}],"line":146},"7":{"loc":{"start":{"line":146,"column":4},"end":{"line":146,"column":51}},"type":"binary-expr","locations":[{"start":{"line":146,"column":4},"end":{"line":146,"column":33}},{"start":{"line":146,"column":37},"end":{"line":146,"column":51}}],"line":146}},"s":{"0":5,"1":1,"2":4,"3":4,"4":2,"5":1,"6":1,"7":1,"8":7,"9":2,"10":5,"11":1,"12":1,"13":0,"14":1,"15":1,"16":1,"17":6,"18":2,"19":4,"20":4,"21":4,"22":4,"23":3,"24":3,"25":3,"26":2,"27":1,"28":1},"f":{"0":5,"1":2,"2":7,"3":1,"4":1,"5":6,"6":4,"7":3,"8":2},"b":{"0":[1,4],"1":[1,1],"2":[2,5],"3":[0],"4":[0,1],"5":[2,4],"6":[1,0],"7":[1,1]},"_coverageSchema":"1a1c01bbd47fc00a2c39e90264f33305004495a9","hash":"f802796808afad491568828ec5110620587cf557"}
}
