TN:
SF:js\api.js
FN:19,apiFetch
FN:45,(anonymous_1)
FN:47,(anonymous_2)
FN:49,(anonymous_3)
FN:54,(anonymous_4)
FN:59,(anonymous_5)
FN:64,(anonymous_6)
FN:67,(anonymous_7)
FN:73,(anonymous_8)
FN:75,(anonymous_9)
FN:77,(anonymous_10)
FN:82,(anonymous_11)
FN:87,(anonymous_12)
FN:92,(anonymous_13)
FN:96,(anonymous_14)
FN:103,(anonymous_15)
FN:105,(anonymous_16)
FN:107,(anonymous_17)
FN:112,(anonymous_18)
FN:117,(anonymous_19)
FN:121,(anonymous_20)
FN:123,(anonymous_21)
FN:125,(anonymous_22)
FN:128,(anonymous_23)
FN:135,(anonymous_24)
FN:137,(anonymous_25)
FN:139,(anonymous_26)
FN:144,(anonymous_27)
FN:146,(anonymous_28)
FNF:29
FNH:29
FNDA:33,apiFetch
FNDA:1,(anonymous_1)
FNDA:1,(anonymous_2)
FNDA:1,(anonymous_3)
FNDA:1,(anonymous_4)
FNDA:1,(anonymous_5)
FNDA:1,(anonymous_6)
FNDA:1,(anonymous_7)
FNDA:1,(anonymous_8)
FNDA:1,(anonymous_9)
FNDA:2,(anonymous_10)
FNDA:1,(anonymous_11)
FNDA:1,(anonymous_12)
FNDA:1,(anonymous_13)
FNDA:1,(anonymous_14)
FNDA:1,(anonymous_15)
FNDA:1,(anonymous_16)
FNDA:1,(anonymous_17)
FNDA:1,(anonymous_18)
FNDA:1,(anonymous_19)
FNDA:1,(anonymous_20)
FNDA:1,(anonymous_21)
FNDA:1,(anonymous_22)
FNDA:1,(anonymous_23)
FNDA:1,(anonymous_24)
FNDA:1,(anonymous_25)
FNDA:2,(anonymous_26)
FNDA:1,(anonymous_27)
FNDA:1,(anonymous_28)
DA:11,1
DA:20,33
DA:22,33
DA:32,33
DA:36,32
DA:39,31
DA:44,1
DA:45,1
DA:47,1
DA:49,1
DA:54,1
DA:59,1
DA:64,1
DA:67,1
DA:72,1
DA:73,1
DA:75,1
DA:77,2
DA:82,1
DA:87,1
DA:93,1
DA:97,1
DA:102,1
DA:103,1
DA:105,1
DA:107,1
DA:112,1
DA:117,1
DA:121,1
DA:123,1
DA:125,1
DA:129,1
DA:134,1
DA:135,1
DA:137,1
DA:139,2
DA:144,1
DA:146,1
DA:149,1
DA:150,1
LF:40
LH:40
BRDA:19,0,0,21
BRDA:149,1,0,1
BRDA:149,1,1,0
BRDA:149,2,0,1
BRDA:149,2,1,1
BRF:5
BRH:4
end_of_record
TN:
SF:js\utils.js
FN:16,formatDate
FN:40,formatDateTime
FN:67,escapeHTML
FN:84,showAlert
FN:92,(anonymous_4)
FN:102,validateEmail
FN:115,validateTelefono
FN:127,isFutureDate
FN:140,localToISO
FNF:9
FNH:9
FNDA:5,formatDate
FNDA:2,formatDateTime
FNDA:7,escapeHTML
FNDA:1,showAlert
FNDA:1,(anonymous_4)
FNDA:6,validateEmail
FNDA:4,validateTelefono
FNDA:3,isFutureDate
FNDA:2,localToISO
DA:17,5
DA:18,1
DA:27,4
DA:28,4
DA:41,2
DA:42,1
DA:52,1
DA:53,1
DA:68,7
DA:71,5
DA:85,1
DA:86,1
DA:89,1
DA:92,1
DA:93,1
DA:103,6
DA:106,4
DA:107,4
DA:118,4
DA:119,4
DA:128,3
DA:129,3
DA:132,3
DA:143,2
DA:146,1
DA:147,1
LF:26
LH:26
BRDA:17,0,0,1
BRDA:17,0,1,4
BRDA:41,1,0,1
BRDA:41,1,1,1
BRDA:68,2,0,2
BRDA:68,2,1,5
BRDA:84,3,0,0
BRDA:86,4,0,0
BRDA:86,4,1,1
BRDA:103,5,0,2
BRDA:103,5,1,4
BRDA:146,6,0,1
BRDA:146,6,1,0
BRDA:146,7,0,1
BRDA:146,7,1,1
BRF:15
BRH:12
end_of_record
